[0m17:39:53.945416 [debug] [MainThread]: Sending event: {'category': 'dbt', 'action': 'invocation', 'label': 'start', 'context': [<snowplow_tracker.self_describing_json.SelfDescribingJson object at 0x7fe202351710>, <snowplow_tracker.self_describing_json.SelfDescribingJson object at 0x7fe2023516d0>, <snowplow_tracker.self_describing_json.SelfDescribingJson object at 0x7fe20235fb10>]}


============================== 17:39:53.950467 | 8d272b55-2a32-4aa6-aff4-c0db96e4a181 ==============================
[0m17:39:53.950467 [info ] [MainThread]: Running with dbt=1.8.6
[0m17:39:53.951571 [debug] [MainThread]: running dbt with arguments {'printer_width': '80', 'indirect_selection': 'eager', 'log_cache_events': 'False', 'write_json': 'True', 'partial_parse': 'True', 'cache_selected_only': 'False', 'profiles_dir': '/home/karesz/.dbt', 'fail_fast': 'False', 'debug': 'False', 'log_path': 'logs', 'version_check': 'True', 'warn_error': 'None', 'use_colors': 'True', 'use_experimental_parser': 'False', 'empty': 'None', 'quiet': 'False', 'no_print': 'None', 'log_format': 'default', 'static_parser': 'True', 'introspect': 'True', 'invocation_command': 'dbt init', 'target_path': 'None', 'warn_error_options': 'WarnErrorOptions(include=[], exclude=[])', 'send_anonymous_usage_stats': 'True'}
[0m17:40:07.999727 [debug] [MainThread]: Starter project path: /home/karesz/Desktop/data-engineering-practice-main/real_estate_project/real_estate/real_estate_env/lib/python3.11/site-packages/dbt/include/starter_project
[0m17:40:08.004169 [info ] [MainThread]: 
Your new dbt project "real_estate_project" was created!

For more information on how to configure the profiles.yml file,
please consult the dbt documentation here:

  https://docs.getdbt.com/docs/configure-your-profile

One more thing:

Need help? Don't hesitate to reach out to us via GitHub issues or on Slack:

  https://community.getdbt.com/

Happy modeling!

[0m17:40:08.004962 [info ] [MainThread]: Setting up your profile.
[0m17:42:43.358756 [info ] [MainThread]: Profile real_estate_project written to /home/karesz/.dbt/profiles.yml using target's profile_template.yml and your supplied values. Run 'dbt debug' to validate the connection.
[0m17:42:43.368907 [debug] [MainThread]: Resource report: {"command_name": "init", "command_success": true, "command_wall_clock_time": 169.4998, "process_user_time": 2.165124, "process_kernel_time": 0.151814, "process_mem_max_rss": "101536", "process_in_blocks": "20808", "process_out_blocks": "80"}
[0m17:42:43.371023 [debug] [MainThread]: Command `dbt init` succeeded at 17:42:43.370711 after 169.50 seconds
[0m17:42:43.376665 [debug] [MainThread]: Sending event: {'category': 'dbt', 'action': 'invocation', 'label': 'end', 'context': [<snowplow_tracker.self_describing_json.SelfDescribingJson object at 0x7fe20237bb10>, <snowplow_tracker.self_describing_json.SelfDescribingJson object at 0x7fe206160710>, <snowplow_tracker.self_describing_json.SelfDescribingJson object at 0x7fe2061cda50>]}
[0m17:42:43.392155 [debug] [MainThread]: Flushing usage events
[0m17:42:57.208630 [debug] [MainThread]: Sending event: {'category': 'dbt', 'action': 'invocation', 'label': 'start', 'context': [<snowplow_tracker.self_describing_json.SelfDescribingJson object at 0x7f83171f9890>, <snowplow_tracker.self_describing_json.SelfDescribingJson object at 0x7f83171fa610>, <snowplow_tracker.self_describing_json.SelfDescribingJson object at 0x7f8317295c10>]}


============================== 17:42:57.212859 | a51b6b91-fa1f-4e26-b055-6d5a3a5307e9 ==============================
[0m17:42:57.212859 [info ] [MainThread]: Running with dbt=1.8.6
[0m17:42:57.213992 [debug] [MainThread]: running dbt with arguments {'printer_width': '80', 'indirect_selection': 'eager', 'log_cache_events': 'False', 'write_json': 'True', 'partial_parse': 'True', 'cache_selected_only': 'False', 'profiles_dir': '/home/karesz/.dbt', 'version_check': 'True', 'fail_fast': 'False', 'log_path': 'logs', 'debug': 'False', 'warn_error': 'None', 'use_colors': 'True', 'use_experimental_parser': 'False', 'empty': 'None', 'quiet': 'False', 'no_print': 'None', 'log_format': 'default', 'introspect': 'True', 'static_parser': 'True', 'invocation_command': 'dbt debug', 'target_path': 'None', 'warn_error_options': 'WarnErrorOptions(include=[], exclude=[])', 'send_anonymous_usage_stats': 'True'}
[0m17:42:57.228416 [info ] [MainThread]: dbt version: 1.8.6
[0m17:42:57.229753 [info ] [MainThread]: python version: 3.11.7
[0m17:42:57.230861 [info ] [MainThread]: python path: /home/karesz/Desktop/data-engineering-practice-main/real_estate_project/real_estate/real_estate_env/bin/python
[0m17:42:57.231838 [info ] [MainThread]: os info: Linux-5.15.0-119-generic-x86_64-with-glibc2.35
[0m17:42:57.239269 [info ] [MainThread]: Error importing adapter: No module named 'dbt.adapters.duckdb'
[0m17:42:57.371336 [info ] [MainThread]: Using profiles dir at /home/karesz/.dbt
[0m17:42:57.372194 [info ] [MainThread]: Using profiles.yml file at /home/karesz/.dbt/profiles.yml
[0m17:42:57.372927 [info ] [MainThread]: Using dbt_project.yml file at /home/karesz/Desktop/data-engineering-practice-main/real_estate_project/real_estate/dbt_project.yml
[0m17:42:57.373635 [info ] [MainThread]: Configuration:
[0m17:42:57.374299 [info ] [MainThread]:   profiles.yml file [[31mERROR invalid[0m]
[0m17:42:57.375028 [info ] [MainThread]:   dbt_project.yml file [[31mERROR not found[0m]
[0m17:42:57.375927 [info ] [MainThread]: Required dependencies:
[0m17:42:57.376650 [debug] [MainThread]: Executing "git --help"
[0m17:42:57.379937 [debug] [MainThread]: STDOUT: "b"usage: git [--version] [--help] [-C <path>] [-c <name>=<value>]\n           [--exec-path[=<path>]] [--html-path] [--man-path] [--info-path]\n           [-p | --paginate | -P | --no-pager] [--no-replace-objects] [--bare]\n           [--git-dir=<path>] [--work-tree=<path>] [--namespace=<name>]\n           [--super-prefix=<path>] [--config-env=<name>=<envvar>]\n           <command> [<args>]\n\nThese are common Git commands used in various situations:\n\nstart a working area (see also: git help tutorial)\n   clone     Clone a repository into a new directory\n   init      Create an empty Git repository or reinitialize an existing one\n\nwork on the current change (see also: git help everyday)\n   add       Add file contents to the index\n   mv        Move or rename a file, a directory, or a symlink\n   restore   Restore working tree files\n   rm        Remove files from the working tree and from the index\n\nexamine the history and state (see also: git help revisions)\n   bisect    Use binary search to find the commit that introduced a bug\n   diff      Show changes between commits, commit and working tree, etc\n   grep      Print lines matching a pattern\n   log       Show commit logs\n   show      Show various types of objects\n   status    Show the working tree status\n\ngrow, mark and tweak your common history\n   branch    List, create, or delete branches\n   commit    Record changes to the repository\n   merge     Join two or more development histories together\n   rebase    Reapply commits on top of another base tip\n   reset     Reset current HEAD to the specified state\n   switch    Switch branches\n   tag       Create, list, delete or verify a tag object signed with GPG\n\ncollaborate (see also: git help workflows)\n   fetch     Download objects and refs from another repository\n   pull      Fetch from and integrate with another repository or a local branch\n   push      Update remote refs along with associated objects\n\n'git help -a' and 'git help -g' list available subcommands and some\nconcept guides. See 'git help <command>' or 'git help <concept>'\nto read about a specific subcommand or concept.\nSee 'git help git' for an overview of the system.\n""
[0m17:42:57.380776 [debug] [MainThread]: STDERR: "b''"
[0m17:42:57.381568 [info ] [MainThread]:  - git [[32mOK found[0m]

[0m17:42:57.382669 [info ] [MainThread]: Connection test skipped since no profile was found
[0m17:42:57.383522 [info ] [MainThread]: [31m2 checks failed:[0m
[0m17:42:57.384220 [info ] [MainThread]: Could not load dbt_project.yml
Profile loading failed for the following reason:
Runtime Error
  Credentials in profile "dbt_project", target "dev" invalid: Runtime Error
    Could not find adapter type duckdb!


[0m17:42:57.384933 [info ] [MainThread]: Project loading failed for the following reason:
 project path </home/karesz/Desktop/data-engineering-practice-main/real_estate_project/real_estate/dbt_project.yml> not found

[0m17:42:57.386279 [debug] [MainThread]: Resource report: {"command_name": "debug", "command_wall_clock_time": 0.25235438, "process_user_time": 2.293565, "process_kernel_time": 0.132321, "process_mem_max_rss": "101668", "process_out_blocks": "24", "command_success": false, "process_in_blocks": "0"}
[0m17:42:57.387260 [debug] [MainThread]: Command `dbt debug` failed at 17:42:57.387075 after 0.25 seconds
[0m17:42:57.388078 [debug] [MainThread]: Sending event: {'category': 'dbt', 'action': 'invocation', 'label': 'end', 'context': [<snowplow_tracker.self_describing_json.SelfDescribingJson object at 0x7f831afe0590>, <snowplow_tracker.self_describing_json.SelfDescribingJson object at 0x7f83171c84d0>, <snowplow_tracker.self_describing_json.SelfDescribingJson object at 0x7f83171ca250>]}
[0m17:42:57.389097 [debug] [MainThread]: Flushing usage events
